[     259ms] [ERROR] Failed to load resource: the server responded with a status of 999 () @ https://www.linkedin.com/in/girish-shirasat:0
[     433ms] [ERROR] Loading the script 'https://www.linkedin.com/bb2e5d56270b4668167d879a0fc365feb88bfe29519d02c043e0e247c923fe3d/ns.js' violates the following Content Security Policy directive: "script-src 'report-sample' 'sha256-th47JTnh6tX15SUn/I+GGmsOSXpa7dh5Skner77gxlY=' 'sha256-SSoodjUD3LGm2FfFCVHGqEb8D4UM3OOigidT2UKDcYg=' 'sha256-cKTgdnmO6+hXd85a9wKg1effVfVzenUAtUCyOKY9bQE=' 'sha256-DwtT8+ZZKpxH9pqZNAmJ3GdbLAh5SsYaXR3omTXPCns=' 'sha256-sV9jZa797T0QWBzcU/CNd4tpBhTnh+TFdLnfjlitl28=' 'sha256-aa/Q8CRBDSqTQbCIyioPhZaz+G+dbPyu7BzsjInEmiU=' 'sha256-THuVhwbXPeTR0HszASqMOnIyxqEgvGyBwSPBKBF/iMc=' 'sha256-zTIusdVJJeXz9+iox2a+pdDglzbpRpFVRzEwvW4AONk=' 'sha256-iC8MPqNLw0FDnsBf4DlSkFLNTwhkI85aouiAEB819ic=' 'sha256-2EqrEvcPzl8c6/TSGVvaVMEe7lg700MAz/te4/3kTYY=' 'sha256-y5uW69VItKj51mcc7UD9qfptDVUqicZL+bItEpvVNDw=' 'sha256-DatsFGoJ8gFkzzxo47Ou76WZ+3QBPOQHtBu9p9b3DhA=' 'sha256-k95cyM8gFgPziZe5VQ2IvJvBUVyd5zFt2CokIUwqdHE=' 'sha256-PyCXNcEkzRWqbiNr087fizmiBBrq9O6GGD8eV3P09Ik=' 'sha256-RFqsjmAF1N5LnfpaHFvPqFlVkeIS/DtTAFor+JjJJVc=' 'sha256-2SQ55Erm3CPCb+k03EpNxU9bdV3XL9TnVTriDs7INZ4=' 'sha256-S/KSPe186K/1B0JEjbIXcCdpB97krdzX05S+dHnQjUs=' 'sha256-9pXOIwF4N0gPltLd3AI69lkCjSC2H/Eb3sc5zdmUyYU=' 'sha256-jou6v/Nleyzoc+LXktAv1Fp8M807dVVxy7E/yzVljHc=' 'sha256-6E4e/3dSvj/8JZT2S2yR91mspqM6MyOpKl5lrhHsZa8=' 'sha256-JfJ82reKxtqugVbfRGw/O/1x1Lm1I09rHueXSwvbRws=' 'sha256-BbV1i75oYRtLtfDWs7tnA8QLF5EOO1dVHKL0prVd/fQ=' 'sha256-3woF8BZ54TeXM+czaH3aXoaJsVpiamuAKFsXDykAR/Q=' 'sha256-vIfNcKb8ixJg1cfJIoNNYjWcm0lezj1/XpUNFiZyVsU=' 'sha256-cLsHUHFgT/VGX04cZrJ9xgm4HbzTR7ptutkxK+7BlMk=' 'sha256-BwU8jMnQYUhjOpsDVABpfddV/DlP1ZYrFcTumYw7x54=' 'sha256-wz6ika9i3WU3bpUPdhYDZeO/NrDQniDyiscN0LWnyaY=' 'sha256-3RIGhhApBii1KY+aW1xk7kFyoQY8vSVE5DfT7E9SJUc=' static.licdn.com static-exp1.licdn.com static-exp2.licdn.com static-exp3.licdn.com platform.linkedin.com platform-akam.linkedin.com platform-ecst.linkedin.com platform-azur.linkedin.com snap.licdn.com www.google.com/recaptcha/enterprise.js www.gstatic.com/recaptcha/releases/ www.googletagmanager.com/gtag/js www.googletagmanager.com/gtag/destination googleads.g.doubleclick.net/pagead/viewthroughconversion/ merchantpool1.linkedin.com/mdt.js". Note that 'script-src-elem' was not explicitly set, so 'script-src' is used as a fallback. The action has been blocked. @ https://www.linkedin.com/authwall?trk=bf&trkInfo=AQFTnYE0Z1EA9wAAAZ8RNfZo5VVPu-q6B99ISKAj2dHoN9SHAKUuweIPYidP7OMQ1t5a7tal7lhHW3xVqpjN_L933d4s9UY6ZcwgMboIyiiJn2R4ZRmZojng9xe4ZMq9dpyiwZI=&original_referer=&sessionRedirect=https%3A%2F%2Fwww.linkedin.com%2Fin%2Fgirish-shirasat:0
[     720ms] [VERBOSE] [DOM] Input elements should have autocomplete attributes (suggested: "username"): (More info: https://goo.gl/9p2vKq) %o @ https://www.linkedin.com/authwall?trk=bf&trkInfo=AQFTnYE0Z1EA9wAAAZ8RNfZo5VVPu-q6B99ISKAj2dHoN9SHAKUuweIPYidP7OMQ1t5a7tal7lhHW3xVqpjN_L933d4s9UY6ZcwgMboIyiiJn2R4ZRmZojng9xe4ZMq9dpyiwZI=&original_referer=&sessionRedirect=https%3A%2F%2Fwww.linkedin.com%2Fin%2Fgirish-shirasat:0
[    1932ms] [WARNING] Element with id: dust-var-locale not found @ https://static.licdn.com/aero-v1/sc/h/4sy6xgzo0t4xd6r0uco9cdjd2:1
[    2163ms] [WARNING] [GSI_LOGGER]: Your client application may not display the Google One Tap in its default position. When FedCM becomes mandatory, One Tap only displays in the default position. Refer to the migration guide to update your code accordingly and opt-in to FedCM to test your changes. Learn more: https://developers.google.com/identity/gsi/web/guides/fedcm-migration?s=dc#layout @ https://static.licdn.com/aero-v1/sc/h/29rdkxlvag0d3cpj96fiilbju:168
[    2163ms] [WARNING] [GSI_LOGGER]: Your client application uses one of the Google One Tap prompt UI status methods that may stop functioning when FedCM becomes mandatory. Refer to the migration guide to update your code accordingly and opt-in to FedCM to test your changes. Learn more: https://developers.google.com/identity/gsi/web/guides/fedcm-migration?s=dc#display_moment and https://developers.google.com/identity/gsi/web/guides/fedcm-migration?s=dc#skipped_moment @ https://static.licdn.com/aero-v1/sc/h/29rdkxlvag0d3cpj96fiilbju:168
[    2164ms] [WARNING] [GSI_LOGGER]: Currently, you disable FedCM on Google One Tap. FedCM for One Tap will become mandatory starting Oct 2024, and you won’t be able to disable it. Refer to the migration guide to update your code accordingly to ensure users will not be blocked from logging in. Learn more: https://developers.google.com/identity/gsi/web/guides/fedcm-migration @ https://static.licdn.com/aero-v1/sc/h/29rdkxlvag0d3cpj96fiilbju:168
[    2166ms] [WARNING] [GSI_LOGGER]: Currently, you disable FedCM on Google One Tap. FedCM for One Tap will become mandatory starting Oct 2024, and you won’t be able to disable it. Refer to the migration guide to update your code accordingly to ensure users will not be blocked from logging in. Learn more: https://developers.google.com/identity/gsi/web/guides/fedcm-migration @ https://static.licdn.com/aero-v1/sc/h/29rdkxlvag0d3cpj96fiilbju:168
[   42042ms] [ERROR] Loading the script 'https://www.linkedin.com/bb2e5d56270b4668167d879a0fc365feb88bfe29519d02c043e0e247c923fe3d/ns.js' violates the following Content Security Policy directive: "script-src 'report-sample' platform.linkedin.com platform-akam.linkedin.com platform-ecst.linkedin.com platform-azur.linkedin.com dms.licdn.com snap.licdn.com static.licdn.com static-exp1.licdn.com static-exp2.licdn.com static-exp3.licdn.com www.google.com/recaptcha/enterprise.js www.googletagmanager.com/gtag/js googleads.g.doubleclick.net/pagead/viewthroughconversion/ www.googletagmanager.com/gtag/destination *.msauth.net merchantpool1.linkedin.com/mdt.js 'nonce-880373a410744fcf0d25a870d4e4ea3f' 'sha256-CJ+nqxpbLgxDSmynghnRJDJrv8wJsRIZvISPLrQ/LnU=' 'sha256-xNJ7LBVZlglw0rn+i4ihjfoXGC+ANIOMtnpClFgi9I4=' dms.licdn.cn snap.licdn.cn static.licdn.cn static-exp1.licdn.cn static-exp2.licdn.cn static-exp3.licdn.cn". Note that 'script-src-elem' was not explicitly set, so 'script-src' is used as a fallback. The action has been blocked. @ https://www.linkedin.com/feed/?trk=seo-authwall-base_sign-in-submit:0
[   42042ms] [ERROR] Loading the script 'https://www.linkedin.com/bb2e5d56270b4668167d879a0fc365feb88bfe29519d02c043e0e247c923fe3d/ns.js' violates the following Content Security Policy directive: "script-src-elem 'nonce-880373a410744fcf0d25a870d4e4ea3f' 'strict-dynamic'". The action has been blocked. @ https://www.linkedin.com/feed/?trk=seo-authwall-base_sign-in-submit:0
[   43229ms] [ERROR] Loading the script 'https://www.linkedin.com/bb2e5d56270b4668167d879a0fc365feb88bfe29519d02c043e0e247c923fe3d/ns.js' violates the following Content Security Policy directive: "script-src 'report-sample' 'sha256-SSoodjUD3LGm2FfFCVHGqEb8D4UM3OOigidT2UKDcYg=' 'sha256-cKTgdnmO6+hXd85a9wKg1effVfVzenUAtUCyOKY9bQE=' 'sha256-DwtT8+ZZKpxH9pqZNAmJ3GdbLAh5SsYaXR3omTXPCns=' 'sha256-sV9jZa797T0QWBzcU/CNd4tpBhTnh+TFdLnfjlitl28=' 'sha256-aa/Q8CRBDSqTQbCIyioPhZaz+G+dbPyu7BzsjInEmiU=' 'sha256-THuVhwbXPeTR0HszASqMOnIyxqEgvGyBwSPBKBF/iMc=' 'sha256-zTIusdVJJeXz9+iox2a+pdDglzbpRpFVRzEwvW4AONk=' 'sha256-iC8MPqNLw0FDnsBf4DlSkFLNTwhkI85aouiAEB819ic=' 'sha256-2EqrEvcPzl8c6/TSGVvaVMEe7lg700MAz/te4/3kTYY=' 'sha256-y5uW69VItKj51mcc7UD9qfptDVUqicZL+bItEpvVNDw=' 'sha256-DatsFGoJ8gFkzzxo47Ou76WZ+3QBPOQHtBu9p9b3DhA=' 'sha256-k95cyM8gFgPziZe5VQ2IvJvBUVyd5zFt2CokIUwqdHE=' 'sha256-PyCXNcEkzRWqbiNr087fizmiBBrq9O6GGD8eV3P09Ik=' 'sha256-RFqsjmAF1N5LnfpaHFvPqFlVkeIS/DtTAFor+JjJJVc=' 'sha256-2SQ55Erm3CPCb+k03EpNxU9bdV3XL9TnVTriDs7INZ4=' 'sha256-S/KSPe186K/1B0JEjbIXcCdpB97krdzX05S+dHnQjUs=' 'sha256-FlukkU82ZNE00G2TrHsH/yPyxOM3w+ZxvfuhvuFPnUw=' 'sha256-2zZW4Jcwd05ccL428yqAJrFBz0W+zZ84jSu9AoKa75Q=' 'sha256-3RIGhhApBii1KY+aW1xk7kFyoQY8vSVE5DfT7E9SJUc=' 'sha256-9pXOIwF4N0gPltLd3AI69lkCjSC2H/Eb3sc5zdmUyYU=' 'sha256-jou6v/Nleyzoc+LXktAv1Fp8M807dVVxy7E/yzVljHc=' 'sha256-6E4e/3dSvj/8JZT2S2yR91mspqM6MyOpKl5lrhHsZa8=' 'sha256-JfJ82reKxtqugVbfRGw/O/1x1Lm1I09rHueXSwvbRws=' 'sha256-BbV1i75oYRtLtfDWs7tnA8QLF5EOO1dVHKL0prVd/fQ=' 'sha256-3woF8BZ54TeXM+czaH3aXoaJsVpiamuAKFsXDykAR/Q=' 'sha256-vIfNcKb8ixJg1cfJIoNNYjWcm0lezj1/XpUNFiZyVsU=' 'sha256-cLsHUHFgT/VGX04cZrJ9xgm4HbzTR7ptutkxK+7BlMk=' 'sha256-BwU8jMnQYUhjOpsDVABpfddV/DlP1ZYrFcTumYw7x54=' 'sha256-wz6ika9i3WU3bpUPdhYDZeO/NrDQniDyiscN0LWnyaY=' 'sha256-wy4DvlEW9PHPIGvQJW6Wv4woBSa/0LJHs8LHsBVVXCs=' 'sha256-065A0cJTDQ+hyKvufSL/flW02hIbgLndOINLRWux6To=' 'sha256-Ga5SLB8hPdWUE8Wb6LgZ05D9Z5vrdLAaPbDBW2m3BI8=' static.licdn.com static-exp1.licdn.com static-exp2.licdn.com static-exp3.licdn.com platform.linkedin.com platform-akam.linkedin.com platform-ecst.linkedin.com platform-azur.linkedin.com snap.licdn.com merchantpool1.linkedin.com/mdt.js". Note that 'script-src-elem' was not explicitly set, so 'script-src' is used as a fallback. The action has been blocked. @ https://www.linkedin.com/tscp-serving/dtag?z=home&c=1&li_theme=light&pk=d_flagship3_feed&pz=BR&p=1&sz=300x250&ti=1:0
[   45600ms] [WARNING] VIDEOJS: WARN: Using the tech directly can be dangerous. I hope you know what you're doing.
See https://github.com/videojs/video.js/issues/2617 for more info.
 @ https://static.licdn.com/aero-v1/sc/h/assets/ljCsPg2B.js:0
[   47431ms] [INFO] Loading the script 'https://www.linkedin.com/bb2e5d56270b4668167d879a0fc365feb88bfe29519d02c043e0e247c923fe3d/ns.js' violates the following Content Security Policy directive: "script-src 'report-sample' 'strict-dynamic' 'nonce-U6Jja46O_ROrE0wuqUrG9w'". Note that 'script-src-elem' was not explicitly set, so 'script-src' is used as a fallback. The policy is report-only, so the violation has been logged but no further action has been taken. @ https://www.linkedin.com/preload/?_bprMode=vanilla:0
[   47431ms] [ERROR] Loading the script 'https://www.linkedin.com/bb2e5d56270b4668167d879a0fc365feb88bfe29519d02c043e0e247c923fe3d/ns.js' violates the following Content Security Policy directive: "script-src 'report-sample' 'sha256-6gLjSWp3GRKZCUFvRX5aGHtECD1wVRgJOJp7r0ZQjV0=' static.licdn.com static-exp1.licdn.com static-exp2.licdn.com static-exp3.licdn.com www.linkedin.com/sc/ www.linkedin.com/scds/ www.linkedin.com/voyager/abp-detection.js piwik.corp.linkedin.com/piwik/piwik.js platform.linkedin.com/js/analytics.js platform-akam.linkedin.com/js/analytics.js platform-ecst.linkedin.com/js/analytics.js platform-azur.linkedin.com/js/analytics.js platform.linkedin.com/litms/utag/ platform-akam.linkedin.com/litms/utag/ platform-ecst.linkedin.com/litms/utag/ platform-azur.linkedin.com/litms/utag/ platform.linkedin.com/litms/vendor/ platform-akam.linkedin.com/litms/vendor/ platform-ecst.linkedin.com/litms/vendor/ platform-azur.linkedin.com/litms/vendor/ www.googletagmanager.com/gtag/js snap.licdn.com/li.lms-analytics/ googleads.g.doubleclick.net/pagead/viewthroughconversion/ www.googletagmanager.com/gtag/destination merchantpool1.linkedin.com/mdt.js https://www.google.com/recaptcha/enterprise.js https://www.gstatic.com/recaptcha/releases/ https://assets.calendly.com/assets/external/widget.js". Note that 'script-src-elem' was not explicitly set, so 'script-src' is used as a fallback. The action has been blocked. @ https://www.linkedin.com/preload/?_bprMode=vanilla:0
[   47431ms] [ERROR] Loading the script 'https://www.linkedin.com/bb2e5d56270b4668167d879a0fc365feb88bfe29519d02c043e0e247c923fe3d/ns.js' violates the following Content Security Policy directive: "script-src 'report-sample' 'strict-dynamic' 'nonce-U6Jja46O_ROrE0wuqUrG9w'". Note that 'script-src-elem' was not explicitly set, so 'script-src' is used as a fallback. The action has been blocked. @ https://www.linkedin.com/preload/?_bprMode=vanilla:0
[   47769ms] [ERROR] Failed to load resource: net::ERR_FAILED @ chrome-extension://invalid/:0
[   47899ms] [ERROR] Failed to load resource: net::ERR_FAILED @ chrome-extension://invalid/:0
[   48006ms] [ERROR] Failed to load resource: net::ERR_FAILED @ chrome-extension://invalid/:0
[   48162ms] [ERROR] Failed to load resource: net::ERR_FAILED @ chrome-extension://invalid/:0
[   48269ms] [ERROR] Failed to load resource: net::ERR_FAILED @ chrome-extension://invalid/:0
[   48337ms] [LOG] notifyapi LOADED. @ https://merchantpool1.linkedin.com/bb2e5d56270b4668167d879a0fc365feb88bfe29519d02c043e0e247c923fe3d/ns.js:18
[   48338ms] [LOG] connecting to mothership... @ https://merchantpool1.linkedin.com/bb2e5d56270b4668167d879a0fc365feb88bfe29519d02c043e0e247c923fe3d/ns.js:18
[   48338ms] [LOG] ==> Current connections: 0 @ https://merchantpool1.linkedin.com/bb2e5d56270b4668167d879a0fc365feb88bfe29519d02c043e0e247c923fe3d/ns.js:18
[   48338ms] [LOG] Sent request @ https://merchantpool1.linkedin.com/bb2e5d56270b4668167d879a0fc365feb88bfe29519d02c043e0e247c923fe3d/ns.js:18
[   48370ms] [ERROR] Failed to load resource: net::ERR_FAILED @ chrome-extension://invalid/:0
[   48526ms] [ERROR] Failed to load resource: net::ERR_FAILED @ chrome-extension://invalid/:0
[   48627ms] [ERROR] Failed to load resource: net::ERR_FAILED @ chrome-extension://invalid/:0
[   48729ms] [ERROR] Failed to load resource: net::ERR_FAILED @ chrome-extension://invalid/:0
[   48832ms] [ERROR] Failed to load resource: net::ERR_FAILED @ chrome-extension://invalid/:0
[   48934ms] [ERROR] Failed to load resource: net::ERR_FAILED @ chrome-extension://invalid/:0
[   49036ms] [ERROR] Failed to load resource: net::ERR_FAILED @ chrome-extension://invalid/:0
[   49142ms] [ERROR] Failed to load resource: net::ERR_FAILED @ chrome-extension://invalid/:0
[   49245ms] [ERROR] Failed to load resource: net::ERR_FAILED @ chrome-extension://invalid/:0
[   49348ms] [ERROR] Failed to load resource: net::ERR_FAILED @ chrome-extension://invalid/:0
[   49454ms] [ERROR] Failed to load resource: net::ERR_FAILED @ chrome-extension://invalid/:0
[   49599ms] [ERROR] Failed to load resource: net::ERR_FAILED @ chrome-extension://invalid/:0
[   49700ms] [ERROR] Failed to load resource: net::ERR_FAILED @ chrome-extension://invalid/:0
[   49803ms] [ERROR] Failed to load resource: net::ERR_FAILED @ chrome-extension://invalid/:0
[   49904ms] [ERROR] Failed to load resource: net::ERR_FAILED @ chrome-extension://invalid/:0
[   50007ms] [ERROR] Failed to load resource: net::ERR_FAILED @ chrome-extension://invalid/:0
[   50114ms] [ERROR] Failed to load resource: net::ERR_FAILED @ chrome-extension://invalid/:0
[   50217ms] [ERROR] Failed to load resource: net::ERR_FAILED @ chrome-extension://invalid/:0
[   50320ms] [ERROR] Failed to load resource: net::ERR_FAILED @ chrome-extension://invalid/:0
[   50421ms] [ERROR] Failed to load resource: net::ERR_FAILED @ chrome-extension://invalid/:0
[   50523ms] [ERROR] Failed to load resource: net::ERR_FAILED @ chrome-extension://invalid/:0
[   50628ms] [ERROR] Failed to load resource: net::ERR_FAILED @ chrome-extension://invalid/:0
[   50733ms] [ERROR] Failed to load resource: net::ERR_FAILED @ chrome-extension://invalid/:0
[   50838ms] [ERROR] Failed to load resource: net::ERR_FAILED @ chrome-extension://invalid/:0
[   50939ms] [ERROR] Failed to load resource: net::ERR_FAILED @ chrome-extension://invalid/:0
[   51040ms] [ERROR] Failed to load resource: net::ERR_FAILED @ chrome-extension://invalid/:0
[   51143ms] [ERROR] Failed to load resource: net::ERR_FAILED @ chrome-extension://invalid/:0
[   51246ms] [ERROR] Failed to load resource: net::ERR_FAILED @ chrome-extension://invalid/:0
[   51350ms] [ERROR] Failed to load resource: net::ERR_FAILED @ chrome-extension://invalid/:0
[   51454ms] [ERROR] Failed to load resource: net::ERR_FAILED @ chrome-extension://invalid/:0
[   51556ms] [ERROR] Failed to load resource: net::ERR_FAILED @ chrome-extension://invalid/:0
[   51660ms] [ERROR] Failed to load resource: net::ERR_FAILED @ chrome-extension://invalid/:0
[   51761ms] [ERROR] Failed to load resource: net::ERR_FAILED @ chrome-extension://invalid/:0
[   51864ms] [ERROR] Failed to load resource: net::ERR_FAILED @ chrome-extension://invalid/:0
[   51967ms] [ERROR] Failed to load resource: net::ERR_FAILED @ chrome-extension://invalid/:0
[   52068ms] [ERROR] Failed to load resource: net::ERR_FAILED @ chrome-extension://invalid/:0
[   52172ms] [ERROR] Failed to load resource: net::ERR_FAILED @ chrome-extension://invalid/:0
[   52274ms] [ERROR] Failed to load resource: net::ERR_FAILED @ chrome-extension://invalid/:0
[   52376ms] [ERROR] Failed to load resource: net::ERR_FAILED @ chrome-extension://invalid/:0
[   52480ms] [ERROR] Failed to load resource: net::ERR_FAILED @ chrome-extension://invalid/:0
[   52584ms] [ERROR] Failed to load resource: net::ERR_FAILED @ chrome-extension://invalid/:0
[   52694ms] [ERROR] Failed to load resource: net::ERR_FAILED @ chrome-extension://invalid/:0
[   52796ms] [ERROR] Failed to load resource: net::ERR_FAILED @ chrome-extension://invalid/:0
[   52900ms] [ERROR] Failed to load resource: net::ERR_FAILED @ chrome-extension://invalid/:0
[   53006ms] [ERROR] Failed to load resource: net::ERR_FAILED @ chrome-extension://invalid/:0
[   53112ms] [ERROR] Failed to load resource: net::ERR_FAILED @ chrome-extension://invalid/:0
[   53216ms] [ERROR] Failed to load resource: net::ERR_FAILED @ chrome-extension://invalid/:0
[   53319ms] [ERROR] Failed to load resource: net::ERR_FAILED @ chrome-extension://invalid/:0
[   53425ms] [ERROR] Failed to load resource: net::ERR_FAILED @ chrome-extension://invalid/:0
[   53529ms] [ERROR] Failed to load resource: net::ERR_FAILED @ chrome-extension://invalid/:0
[   53635ms] [ERROR] Failed to load resource: net::ERR_FAILED @ chrome-extension://invalid/:0
[   53738ms] [ERROR] Failed to load resource: net::ERR_FAILED @ chrome-extension://invalid/:0
[   53840ms] [ERROR] Failed to load resource: net::ERR_FAILED @ chrome-extension://invalid/:0
